build/app/intermediates/manifest_merge_blame_file/debug/manifest-merger-blame-debug-report.txt
1<?xml version="1.0" encoding="utf-8"?>
2<manifest xmlns:android="http://schemas.android.com/apk/res/android"
3    package="com.parable.company_app"
4    android:versionCode="1"
5    android:versionName="1.0.0" >
6
7    <uses-sdk
8        android:minSdkVersion="16"
9        android:targetSdkVersion="28" />
10    <!--
11         Flutter needs it to communicate with the running application
12         to allow setting breakpoints, to provide hot reload, etc.
13    -->
14    <uses-permission android:name="android.permission.INTERNET" />
14-->src\debug\AndroidManifest.xml:6:5-66
14-->src\debug\AndroidManifest.xml:6:22-64
15    <uses-permission android:name="android.permission.READ_EXTERNAL_STORAGE" />
15-->[:image_picker] AndroidManifest.xml:7:5-80
15-->[:image_picker] AndroidManifest.xml:7:22-77
16    <uses-permission android:name="android.permission.WRITE_EXTERNAL_STORAGE" />
16-->[:image_picker] AndroidManifest.xml:8:5-81
16-->[:image_picker] AndroidManifest.xml:8:22-78
17    <uses-permission android:name="android.permission.ACCESS_COARSE_LOCATION" />
17-->[:location] AndroidManifest.xml:7:5-81
17-->[:location] AndroidManifest.xml:7:22-78
18    <uses-permission android:name="android.permission.ACCESS_FINE_LOCATION" /> <!-- Include required permissions for Google Maps API to run. -->
18-->[:location] AndroidManifest.xml:8:5-79
18-->[:location] AndroidManifest.xml:8:22-76
19    <uses-permission android:name="android.permission.ACCESS_NETWORK_STATE" />
19-->[com.google.android.gms:play-services-maps:17.0.0] AndroidManifest.xml:23:5-79
19-->[com.google.android.gms:play-services-maps:17.0.0] AndroidManifest.xml:23:22-76
20
21    <uses-feature
21-->[com.google.android.gms:play-services-maps:17.0.0] AndroidManifest.xml:26:5-28:35
22        android:glEsVersion="0x00020000"
22-->[com.google.android.gms:play-services-maps:17.0.0] AndroidManifest.xml:27:9-41
23        android:required="true" />
23-->[com.google.android.gms:play-services-maps:17.0.0] AndroidManifest.xml:28:9-32
24
25    <uses-permission android:name="android.permission.WAKE_LOCK" /> <!-- Required by older versions of Google Play services to create IID tokens -->
25-->[com.google.firebase:firebase-iid:20.0.1] AndroidManifest.xml:24:5-68
25-->[com.google.firebase:firebase-iid:20.0.1] AndroidManifest.xml:24:22-65
26    <uses-permission android:name="com.google.android.c2dm.permission.RECEIVE" />
26-->[com.google.firebase:firebase-iid:20.0.1] AndroidManifest.xml:26:5-82
26-->[com.google.firebase:firebase-iid:20.0.1] AndroidManifest.xml:26:22-79
27    <!--
28 io.flutter.app.FlutterApplication is an android.app.Application that
29         calls FlutterMain.startInitialization(this); in its onCreate method.
30         In most cases you can leave this as-is, but you if you want to provide
31         additional functionality it is fine to subclass or reimplement
32         FlutterApplication and put your custom class here.
33    -->
34    <application
34-->src\main\AndroidManifest.xml:8:5-33:19
35        android:name="io.flutter.app.FlutterApplication"
35-->src\main\AndroidManifest.xml:9:9-57
36        android:appComponentFactory="androidx.core.app.CoreComponentFactory"
36-->[androidx.core:core:1.1.0] AndroidManifest.xml:24:18-86
37        android:debuggable="true"
38        android:icon="@mipmap/ic_launcher"
38-->src\main\AndroidManifest.xml:11:9-43
39        android:label="Meu Delivery - Empresa" >
39-->src\main\AndroidManifest.xml:10:9-47
40        <meta-data
40-->src\main\AndroidManifest.xml:13:9-14:77
41            android:name="com.google.android.geo.API_KEY"
41-->src\main\AndroidManifest.xml:13:20-65
42            android:value="AIzaSyBGKoWTSuwfem5mmE38vwJu9-8Wj4DLiuY" />
42-->src\main\AndroidManifest.xml:14:20-75
43
44        <activity
44-->src\main\AndroidManifest.xml:16:9-27:20
45            android:name="com.parable.company_app.MainActivity"
45-->src\main\AndroidManifest.xml:17:13-41
46            android:configChanges="orientation|keyboardHidden|keyboard|screenSize|smallestScreenSize|locale|layoutDirection|fontScale|screenLayout|density|uiMode"
46-->src\main\AndroidManifest.xml:20:13-163
47            android:hardwareAccelerated="true"
47-->src\main\AndroidManifest.xml:21:13-47
48            android:launchMode="singleTop"
48-->src\main\AndroidManifest.xml:18:13-43
49            android:theme="@style/LaunchTheme"
49-->src\main\AndroidManifest.xml:19:13-47
50            android:windowSoftInputMode="adjustResize" >
50-->src\main\AndroidManifest.xml:22:13-55
51            <intent-filter>
51-->src\main\AndroidManifest.xml:23:13-26:29
52                <action android:name="android.intent.action.MAIN" />
52-->src\main\AndroidManifest.xml:24:17-68
52-->src\main\AndroidManifest.xml:24:25-66
53
54                <category android:name="android.intent.category.LAUNCHER" />
54-->src\main\AndroidManifest.xml:25:17-76
54-->src\main\AndroidManifest.xml:25:27-74
55            </intent-filter>
56        </activity>
57        <!--
58             Don't delete the meta-data below.
59             This is used by the Flutter tool to generate GeneratedPluginRegistrant.java
60        -->
61        <meta-data
61-->src\main\AndroidManifest.xml:30:9-32:33
62            android:name="flutterEmbedding"
62-->src\main\AndroidManifest.xml:31:13-44
63            android:value="2" />
63-->src\main\AndroidManifest.xml:32:13-30
64
65        <provider
65-->[:image_picker] AndroidManifest.xml:11:9-19:20
66            android:name="io.flutter.plugins.imagepicker.ImagePickerFileProvider"
66-->[:image_picker] AndroidManifest.xml:12:13-82
67            android:authorities="com.parable.company_app.flutter.image_provider"
67-->[:image_picker] AndroidManifest.xml:13:13-74
68            android:exported="false"
68-->[:image_picker] AndroidManifest.xml:14:13-37
69            android:grantUriPermissions="true" >
69-->[:image_picker] AndroidManifest.xml:15:13-47
70            <meta-data
70-->[:image_picker] AndroidManifest.xml:16:13-18:75
71                android:name="android.support.FILE_PROVIDER_PATHS"
71-->[:image_picker] AndroidManifest.xml:17:17-67
72                android:resource="@xml/flutter_image_picker_file_paths" />
72-->[:image_picker] AndroidManifest.xml:18:17-72
73        </provider>
74
75        <service android:name="io.flutter.plugins.firebasemessaging.FlutterFirebaseMessagingService" >
75-->[:firebase_messaging] AndroidManifest.xml:8:9-12:19
75-->[:firebase_messaging] AndroidManifest.xml:8:18-101
76            <intent-filter>
76-->[:firebase_messaging] AndroidManifest.xml:9:13-11:29
77                <action android:name="com.google.firebase.MESSAGING_EVENT" />
77-->[:firebase_messaging] AndroidManifest.xml:10:17-78
77-->[:firebase_messaging] AndroidManifest.xml:10:25-75
78            </intent-filter>
79        </service>
80        <service
80-->[:firebase_messaging] AndroidManifest.xml:13:9-17:19
81            android:name="com.google.firebase.components.ComponentDiscoveryService"
81-->[:firebase_messaging] AndroidManifest.xml:13:18-89
82            android:directBootAware="true"
82-->[com.google.firebase:firebase-common:19.2.0] AndroidManifest.xml:15:13-43
83            android:exported="false" >
83-->[com.google.firebase:firebase-iid:20.0.1] AndroidManifest.xml:31:13-37
84            <meta-data
84-->[:firebase_messaging] AndroidManifest.xml:14:13-16:85
85                android:name="com.google.firebase.components:io.flutter.plugins.firebasemessaging.FlutterFirebaseAppRegistrar"
85-->[:firebase_messaging] AndroidManifest.xml:15:17-127
86                android:value="com.google.firebase.components.ComponentRegistrar" />
86-->[:firebase_messaging] AndroidManifest.xml:16:17-82
87            <meta-data
87-->[com.google.firebase:firebase-iid:20.0.1] AndroidManifest.xml:32:13-34:85
88                android:name="com.google.firebase.components:com.google.firebase.iid.Registrar"
88-->[com.google.firebase:firebase-iid:20.0.1] AndroidManifest.xml:33:17-96
89                android:value="com.google.firebase.components.ComponentRegistrar" />
89-->[com.google.firebase:firebase-iid:20.0.1] AndroidManifest.xml:34:17-82
90        </service> <!-- Needs to be explicitly declared on P+ -->
91        <uses-library
91-->[com.google.android.gms:play-services-maps:17.0.0] AndroidManifest.xml:33:9-35:40
92            android:name="org.apache.http.legacy"
92-->[com.google.android.gms:play-services-maps:17.0.0] AndroidManifest.xml:34:13-50
93            android:required="false" />
93-->[com.google.android.gms:play-services-maps:17.0.0] AndroidManifest.xml:35:13-37
94        <!--
95             FirebaseMessagingService performs security checks at runtime,
96             but set to not exported to explicitly avoid allowing another app to call it.
97        -->
98        <service
98-->[com.google.firebase:firebase-messaging:20.0.1] AndroidManifest.xml:28:9-34:19
99            android:name="com.google.firebase.messaging.FirebaseMessagingService"
99-->[com.google.firebase:firebase-messaging:20.0.1] AndroidManifest.xml:29:13-82
100            android:exported="false" >
100-->[com.google.firebase:firebase-messaging:20.0.1] AndroidManifest.xml:30:13-37
101            <intent-filter android:priority="-500" >
101-->[:firebase_messaging] AndroidManifest.xml:9:13-11:29
102                <action android:name="com.google.firebase.MESSAGING_EVENT" />
102-->[:firebase_messaging] AndroidManifest.xml:10:17-78
102-->[:firebase_messaging] AndroidManifest.xml:10:25-75
103            </intent-filter>
104        </service>
105
106        <receiver
106-->[com.google.firebase:firebase-iid:20.0.1] AndroidManifest.xml:37:9-44:20
107            android:name="com.google.firebase.iid.FirebaseInstanceIdReceiver"
107-->[com.google.firebase:firebase-iid:20.0.1] AndroidManifest.xml:38:13-78
108            android:exported="true"
108-->[com.google.firebase:firebase-iid:20.0.1] AndroidManifest.xml:39:13-36
109            android:permission="com.google.android.c2dm.permission.SEND" >
109-->[com.google.firebase:firebase-iid:20.0.1] AndroidManifest.xml:40:13-73
110            <intent-filter>
110-->[com.google.firebase:firebase-iid:20.0.1] AndroidManifest.xml:41:13-43:29
111                <action android:name="com.google.android.c2dm.intent.RECEIVE" />
111-->[com.google.firebase:firebase-iid:20.0.1] AndroidManifest.xml:42:17-81
111-->[com.google.firebase:firebase-iid:20.0.1] AndroidManifest.xml:42:25-78
112            </intent-filter>
113        </receiver>
114
115        <provider
115-->[com.google.firebase:firebase-common:19.2.0] AndroidManifest.xml:19:9-23:39
116            android:name="com.google.firebase.provider.FirebaseInitProvider"
116-->[com.google.firebase:firebase-common:19.2.0] AndroidManifest.xml:20:13-77
117            android:authorities="com.parable.company_app.firebaseinitprovider"
117-->[com.google.firebase:firebase-common:19.2.0] AndroidManifest.xml:21:13-72
118            android:exported="false"
118-->[com.google.firebase:firebase-common:19.2.0] AndroidManifest.xml:22:13-37
119            android:initOrder="100" />
119-->[com.google.firebase:firebase-common:19.2.0] AndroidManifest.xml:23:13-36
120
121        <activity
121-->[com.google.android.gms:play-services-base:17.0.0] AndroidManifest.xml:23:9-26:75
122            android:name="com.google.android.gms.common.api.GoogleApiActivity"
122-->[com.google.android.gms:play-services-base:17.0.0] AndroidManifest.xml:24:13-79
123            android:exported="false"
123-->[com.google.android.gms:play-services-base:17.0.0] AndroidManifest.xml:25:13-37
124            android:theme="@android:style/Theme.Translucent.NoTitleBar" />
124-->[com.google.android.gms:play-services-base:17.0.0] AndroidManifest.xml:26:13-72
125
126        <meta-data
126-->[com.google.android.gms:play-services-basement:17.0.0] AndroidManifest.xml:23:9-25:69
127            android:name="com.google.android.gms.version"
127-->[com.google.android.gms:play-services-basement:17.0.0] AndroidManifest.xml:24:13-58
128            android:value="@integer/google_play_services_version" />
128-->[com.google.android.gms:play-services-basement:17.0.0] AndroidManifest.xml:25:13-66
129    </application>
130
131</manifest>